
Showing logs for build [32mcb-kubecd-environment-pr-187-14-glmmv-1[0m stage [32mfrom-build-pack[0m and container [32mstep-credential-initializer-64jbv[0m
{"level":"warn","ts":1585019049.7845192,"logger":"fallback-logger","caller":"logging/config.go:69","msg":"Fetch GitHub commit ID from kodata failed: \"ref: refs/heads/0.8.0-**-support-backwards-incompats\" is not a valid GitHub commit ID"}
{"level":"info","ts":1585019049.7850585,"logger":"fallback-logger","caller":"creds-init/main.go:40","msg":"Credentials initialized."}

Showing logs for build [32mcb-kubecd-environment-pr-187-14-glmmv-1[0m stage [32mfrom-build-pack[0m and container [32mstep-working-dir-initializer-rcdnr[0m
{"level":"warn","ts":1585019051.2571616,"logger":"fallback-logger","caller":"logging/config.go:69","msg":"Fetch GitHub commit ID from kodata failed: open /var/run/ko/HEAD: no such file or directory"}
{"level":"info","ts":1585019051.2587423,"logger":"fallback-logger","caller":"bash/main.go:64","msg":"Successfully executed command \"sh -c mkdir -p /workspace/source\"; output "}

Showing logs for build [32mcb-kubecd-environment-pr-187-14-glmmv-1[0m stage [32mfrom-build-pack[0m and container [32mstep-place-tools[0m

Showing logs for build [32mcb-kubecd-environment-pr-187-14-glmmv-1[0m stage [32mfrom-build-pack[0m and container [32mstep-git-source-cb-kubecd-environment-pr-187-14-glmmv-mhwgb[0m
{"level":"warn","ts":1585019056.536985,"logger":"fallback-logger","caller":"logging/config.go:69","msg":"Fetch GitHub commit ID from kodata failed: \"ref: refs/heads/0.8.0-**-support-backwards-incompats\" is not a valid GitHub commit ID"}
{"level":"info","ts":1585019057.6006382,"logger":"fallback-logger","caller":"git/git.go:103","msg":"Successfully cloned https://github.com/cb-kubecd/environment-pr-187-148-gke-upgrade-production.git @ master in path /workspace/source"}

Showing logs for build [32mcb-kubecd-environment-pr-187-14-glmmv-1[0m stage [32mfrom-build-pack[0m and container [32mstep-git-merge[0m
Using SHAs from PULL_REFS=master:9fecb844528514872ce3f2f6b0204c5c6e448ae5,1:75b05d0f8f081675e63e66654e7bda4303ba564f
DEBUG: LC_ALL=C JX_LOG_LEVEL=error git fetch origin --unshallow 75b05d0f8f081675e63e66654e7bda4303ba564f: 9fecb844528514872ce3f2f6b0204c5c6e448ae5:
DEBUG: ran git fetch --unshallow origin 75b05d0f8f081675e63e66654e7bda4303ba564f: 9fecb844528514872ce3f2f6b0204c5c6e448ae5: in 
DEBUG: LC_ALL=C JX_LOG_LEVEL=error git branch
DEBUG: LC_ALL=C JX_LOG_LEVEL=error git checkout master
DEBUG: ran git checkout master in 
DEBUG: JX_LOG_LEVEL=error LC_ALL=C git reset --hard 9fecb844528514872ce3f2f6b0204c5c6e448ae5
DEBUG: ran git reset --hard 9fecb844528514872ce3f2f6b0204c5c6e448ae5 in 
DEBUG: LC_ALL=C JX_LOG_LEVEL=error git clean -fd .
DEBUG: ran clean --force -d . in 
DEBUG: JX_LOG_LEVEL=error LC_ALL=C git merge 75b05d0f8f081675e63e66654e7bda4303ba564f
DEBUG: ran git merge 75b05d0f8f081675e63e66654e7bda4303ba564f in 
DEBUG: LC_ALL=C JX_LOG_LEVEL=error git log --format=%H%x1f%an%x1f%ae%x1f%cn%x1f%ce%x1f%s%n%b%x1e 9fecb844528514872ce3f2f6b0204c5c6e448ae5..HEAD
Merged SHA 75b05d0f8f081675e63e66654e7bda4303ba564f with commit message 'chore: Promote bdd-spring-1585017596 to version 0.0.1' into base branch master

Showing logs for build [32mcb-kubecd-environment-pr-187-14-glmmv-1[0m stage [32mfrom-build-pack[0m and container [32mstep-build-helm-build[0m
WARNING: No $CHART_REPOSITORY defined so using the default value of: http://jenkins-x-chartmuseum:8080
Adding missing Helm repo: storage.googleapis.com https://storage.googleapis.com/chartmuseum.jenkins-x.io
WARNING: No secrets found on "helm/repos" due: reading the secret "helm/repos" from vault: no secret "helm/repos" not found in vault
Read credentials for https://storage.googleapis.com/chartmuseum.jenkins-x.io from vault helm/repos
Successfully added Helm repository storage.googleapis.com.
Adding missing Helm repo: jenkins-x-chartmuseum http://jenkins-x-chartmuseum:8080
WARNING: No secrets found on "helm/repos" due: reading the secret "helm/repos" from vault: no secret "helm/repos" not found in vault
Read credentials for http://jenkins-x-chartmuseum:8080 from vault helm/repos
Successfully added Helm repository jenkins-x-chartmuseum.
WARNING: No $CHART_REPOSITORY defined so using the default value of: http://jenkins-x-chartmuseum:8080
Adding missing Helm repo: chartmuseum.jenkins-x.io http://chartmuseum.jenkins-x.io
WARNING: No secrets found on "helm/repos" due: reading the secret "helm/repos" from vault: no secret "helm/repos" not found in vault
Read credentials for http://chartmuseum.jenkins-x.io from vault helm/repos
Successfully added Helm repository chartmuseum.jenkins-x.io.
